[21-Mar-2016 04:14:29 Europe/Rome] [/var/www/DE/adapter/NiamUserManagerClient.php:27]
	Calling UserManager
[21-Mar-2016 04:14:29 Europe/Rome] [/var/www/DE/adapter/NiamUserManagerClient.php:29]
	WS UM result: [<!DOCTYPE HTML PUBLIC "-//IETF//DTD HTML 2.0//EN">
<html><head>
<title>404 Not Found</title>
</head><body>
<h1>Not Found</h1>
<p>The requested URL /login2/niam/NiamUserManager.php was not found on this server.</p>
</body></html>]
[21-Mar-2016 04:14:29 Europe/Rome] [/var/www/DE/adapter/NiamUserManagerClient.php:31]
	Calling Acknowledge
[21-Mar-2016 04:14:29 Europe/Rome] [/var/www/DE/adapter/NiamUserManagerClient.php:33]
	WS Ack result: [<!DOCTYPE HTML PUBLIC "-//IETF//DTD HTML 2.0//EN">
<html><head>
<title>404 Not Found</title>
</head><body>
<h1>Not Found</h1>
<p>The requested URL /login2/niam/NiamAcknowledge.php was not found on this server.</p>
</body></html>]
[21-Mar-2016 04:17:50 Europe/Rome] [/var/www/DE/adapter/NiamUserManagerClient.php:27]
	Calling UserManager
[21-Mar-2016 04:17:50 Europe/Rome] [/var/www/DE/adapter/NiamUserManagerClient.php:29]
	WS UM result: [<!DOCTYPE HTML PUBLIC "-//IETF//DTD HTML 2.0//EN">
<html><head>
<title>400 Bad Request</title>
</head><body>
<h1>Bad Request</h1>
<p>Your browser sent a request that this server could not understand.<br />
Reason: You're speaking plain HTTP to an SSL-enabled server port.<br />
 Instead use the HTTPS scheme to access this URL, please.<br />
</p>
</body></html>]
[21-Mar-2016 04:17:50 Europe/Rome] [/var/www/DE/adapter/NiamUserManagerClient.php:31]
	Calling Acknowledge
[21-Mar-2016 04:17:50 Europe/Rome] [/var/www/DE/adapter/NiamUserManagerClient.php:33]
	WS Ack result: [<!DOCTYPE HTML PUBLIC "-//IETF//DTD HTML 2.0//EN">
<html><head>
<title>400 Bad Request</title>
</head><body>
<h1>Bad Request</h1>
<p>Your browser sent a request that this server could not understand.<br />
Reason: You're speaking plain HTTP to an SSL-enabled server port.<br />
 Instead use the HTTPS scheme to access this URL, please.<br />
</p>
</body></html>]
